<?xml version="1.0" encoding="UTF-8"?>
<!-- Generated by org.testng.reporters.JUnitReportReporter -->
<testsuite hostname="LAPTOP-I33T45KV" failures="0" tests="1" name="aPIs.PostApi" time="3.328" errors="0" timestamp="2023-01-25T11:42:47 IST" skipped="0">
  <testcase classname="aPIs.PostApi" name="postapi" time="3.328"/>
  <system-out/>
</testsuite> <!-- aPIs.PostApi -->
