<?xml version="1.0" encoding="UTF-8"?>
<!-- Generated by org.testng.reporters.JUnitReportReporter -->
<testsuite hostname="LAPTOP-I33T45KV" failures="0" tests="1" name="aPIs.GetApi" time="3.064" errors="0" timestamp="2023-01-27T16:41:22 IST" skipped="0">
  <testcase classname="aPIs.GetApi" name="UserRegistrationSuccessful" time="3.064"/>
  <system-out/>
</testsuite> <!-- aPIs.GetApi -->
