<?xml version="1.0" encoding="UTF-8"?>
<!-- Generated by org.testng.reporters.JUnitReportReporter -->
<testsuite hostname="LAPTOP-I33T45KV" failures="0" tests="1" name="aPIs.Api2" time="4.463" errors="0" timestamp="2023-01-25T11:04:30 IST" skipped="0">
  <testcase classname="aPIs.Api2" name="getbookid" time="4.463"/>
  <system-out/>
</testsuite> <!-- aPIs.Api2 -->
