<?xml version="1.0" encoding="UTF-8"?>
<!-- Generated by org.testng.reporters.JUnitReportReporter -->
<testsuite hostname="LAPTOP-I33T45KV" failures="0" tests="1" name="aPIs.PostServices" time="1.764" errors="0" timestamp="2023-01-27T14:55:46 IST" skipped="0">
  <testcase classname="aPIs.PostServices" name="deletedresouce" time="1.764"/>
  <system-out/>
</testsuite> <!-- aPIs.PostServices -->
