<?xml version="1.0" encoding="UTF-8"?>
<!-- Generated by org.testng.reporters.JUnitReportReporter -->
<testsuite hostname="LAPTOP-I33T45KV" failures="0" tests="1" name="aPIs.GetApip" time="2.670" errors="0" timestamp="2023-01-27T15:36:03 IST" skipped="0">
  <testcase classname="aPIs.GetApip" name="postmethod2" time="2.670"/>
  <system-out/>
</testsuite> <!-- aPIs.GetApip -->
