<?xml version="1.0" encoding="UTF-8"?>
<!-- Generated by org.testng.reporters.JUnitReportReporter -->
<testsuite hostname="LAPTOP-I33T45KV" failures="0" tests="1" name="aPIs.JdbcTest" time="0.263" errors="0" timestamp="2023-01-27T22:48:04 IST" skipped="0">
  <testcase classname="aPIs.JdbcTest" name="displayvalues" time="0.263"/>
  <system-out/>
</testsuite> <!-- aPIs.JdbcTest -->
