<?xml version="1.0" encoding="UTF-8"?>
<!-- Generated by org.testng.reporters.JUnitReportReporter -->
<testsuite hostname="LAPTOP-I33T45KV" failures="0" tests="1" name="aPIs.GetApi1" time="3.666" errors="0" timestamp="2023-01-27T15:37:13 IST" skipped="0">
  <testcase classname="aPIs.GetApi1" name="getbooking" time="3.666"/>
  <system-out/>
</testsuite> <!-- aPIs.GetApi1 -->
