<?xml version="1.0" encoding="UTF-8"?>
<!-- Generated by org.testng.reporters.JUnitReportReporter -->
<testsuite hostname="LAPTOP-I33T45KV" failures="0" tests="1" name="aPIs.GetService" time="1.291" errors="0" timestamp="2023-01-27T14:38:15 IST" skipped="0">
  <testcase classname="aPIs.GetService" name="Getser" time="1.291"/>
  <system-out/>
</testsuite> <!-- aPIs.GetService -->
